info it worked if it ends with ok
verbose cli [ 'node', '/usr/local/bin/npm', 'install', 'express' ]
info using npm@1.0.15
info using node@v0.5.1-pre
verbose config file /home/shane/.npmrc
verbose config file /usr/local/etc/npmrc
silly testEngine { name: 'application-name',
silly testEngine   version: '0.0.1',
silly testEngine   private: true,
silly testEngine   dependencies: 
silly testEngine    { express: '2.4.3',
silly testEngine      '--sessions': '>= 0.0.1',
silly testEngine      ejs: '>= 0.0.1' },
silly testEngine   _npmJsonOpts: 
silly testEngine    { file: '/home/shane/Dropbox/sources/nodejs/taskmaster/package.json',
silly testEngine      wscript: false,
silly testEngine      contributors: false,
silly testEngine      serverjs: false },
silly testEngine   _id: 'application-name@0.0.1',
silly testEngine   devDependencies: {},
silly testEngine   engines: { node: '*' },
silly testEngine   _engineSupported: true,
silly testEngine   _npmVersion: '1.0.15',
silly testEngine   _nodeVersion: 'v0.5.1-pre',
silly testEngine   _defaultsLoaded: true }
verbose caching /home/shane/Dropbox/sources/nodejs/taskmaster/package.json
verbose loadDefaults application-name@0.0.1
silly testEngine { name: 'ejs',
silly testEngine   description: 'Embedded JavaScript templates',
silly testEngine   version: '0.4.3',
silly testEngine   author: 
silly testEngine    { name: 'TJ Holowaychuk',
silly testEngine      email: 'tj@vision-media.ca' },
silly testEngine   keywords: [ 'template', 'engine', 'ejs' ],
silly testEngine   main: './lib/ejs.js',
silly testEngine   _npmJsonOpts: 
silly testEngine    { file: '/home/shane/Dropbox/sources/nodejs/taskmaster/node_modules/ejs/package.json',
silly testEngine      wscript: false,
silly testEngine      contributors: false,
silly testEngine      serverjs: false },
silly testEngine   _id: 'ejs@0.4.3',
silly testEngine   dependencies: {},
silly testEngine   devDependencies: {},
silly testEngine   engines: { node: '*' },
silly testEngine   _engineSupported: true,
silly testEngine   _npmVersion: '1.0.15',
silly testEngine   _nodeVersion: 'v0.5.1-pre',
silly testEngine   _defaultsLoaded: true }
verbose caching /home/shane/Dropbox/sources/nodejs/taskmaster/node_modules/ejs/package.json
verbose loadDefaults ejs@0.4.3
verbose from cache /home/shane/Dropbox/sources/nodejs/taskmaster/package.json
verbose into /home/shane/Dropbox/sources/nodejs/taskmaster [ 'express' ]
verbose cache add [ 'express@2.4.3', null ]
info addNamed [ 'express', '2.4.3' ]
verbose addNamed [ '2.4.3', '2.4.3' ]
verbose GET express/2.4.3
verbose raw, before any munging express/2.4.3
verbose url resolving [ 'http://registry.npmjs.org/', './express/2.4.3' ]
verbose url resolved http://registry.npmjs.org/express/2.4.3
verbose url parsed { protocol: 'http:',
verbose url parsed   slashes: true,
verbose url parsed   host: 'registry.npmjs.org',
verbose url parsed   hostname: 'registry.npmjs.org',
verbose url parsed   href: 'http://registry.npmjs.org/express/2.4.3',
verbose url parsed   pathname: '/express/2.4.3' }
verbose response http://registry.npmjs.org/express/2.4.3
silly chunk {"name":"express","description":"Sinatra inspired web development framework","version":"2.4.3","author":{"name":"TJ Holowaychuk","email":"tj@vision-media.ca"},"contributors":[{"name":"TJ Holowaychuk","email":"tj@vision-media.ca"},{"name":"Aaron Heckmann","email":"aaron.heckmann+github@gmail.com"},{"name":"Ciaran Jessup","email":"ciaranj@gmail.com"},{"name":"Guillermo Rauch","email":"rauchg@gmail.com"}],"dependencies":{"connect":">= 1.5.2 < 2.0.0","mime":">= 0.0.1","qs":">= 0.0.6"},"devDependencies":{"connect-form":"0.2.1","ejs":"0.4.2","expresso":"0.7.2","hamljs":"0.5.1","jade":"0.11.0","stylus":"0.13.0","should":"0.2.1","express-messages":"0.0.2","node-markdown":">= 0.0.1","connect-redis":">= 0.0.1"},"keywords":["framework","sinatra","web","rest","restful"],"repository":{"type":"git","url":"git://github.com/visionmedia/express.git"},"main":"index","bin":{"express":"./bin/express"},"scripts":{"test":"make test","prepublish":"npm prune"},"engines":{"node":">= 0.4.1 < 0.5.0"},"_npmJsonOpts":{"file":"/Users/tj/.npm/express/2.4.3/package/package.json","wscript":false,"contributors":false,"serverjs":false},"_id":"express@2.4.3","_engineSupported":true,"_npmVersion":"1.0.14","_nodeVersion":"v0.4.9","_defaultsLoaded":true,"dist":{"shasum":"5f52dd1e2cddbb83b3483cfb4c8c5c24d3975450","tarball":"http://registry.npmjs.org/express/-/express-2.4.3.tgz"},"directories":{}}
silly get cb [ 200,
silly get cb   { vary: 'Accept',
silly get cb     server: 'CouchDB/1.1.0 (Erlang OTP/R14B03)',
silly get cb     etag: '"A6FTSHCZNKOD3R5OCPJADLMXQ"',
silly get cb     date: 'Fri, 05 Aug 2011 02:27:16 GMT',
silly get cb     'content-type': 'application/json',
silly get cb     'content-length': '1379' } ]
verbose mkdir done: /home/shane/.npm/express/2.4.3 755
verbose bin dist [ null,
verbose bin dist   { shasum: '5f52dd1e2cddbb83b3483cfb4c8c5c24d3975450',
verbose bin dist     tarball: 'http://registry.npmjs.org/express/-/express-2.4.3.tgz' } ]
verbose addRemoteTarball [ 'http://registry.npmjs.org/express/-/express-2.4.3.tgz',
verbose addRemoteTarball   '5f52dd1e2cddbb83b3483cfb4c8c5c24d3975450' ]
verbose mkdir done: /tmp/npm-1312511236314/1312511236314-0.8645909342449158 755
info fetch http://registry.npmjs.org/express/-/express-2.4.3.tgz
verbose fetch to /tmp/npm-1312511236314/1312511236314-0.8645909342449158/tmp.tgz
silly updated sha bytes 31346
info shasum 5f52dd1e2cddbb83b3483cfb4c8c5c24d3975450
info shasum /tmp/npm-1312511236314/1312511236314-0.8645909342449158/tmp.tgz
verbose mkdir done: /tmp/npm-1312511236314/1312511236314-0.8645909342449158/contents/___package.npm 755
verbose unpack_ uid, gid [ undefined, undefined ]
verbose unpackTarget /tmp/npm-1312511236314/1312511236314-0.8645909342449158/contents/package
silly gunzTarPerm modes [ '755', '644' ]
verbose success tar "-mvxpf" "-" "--no-same-owner" "-C" "/tmp/npm-1312511236314/1312511236314-0.8645909342449158/contents/___package.npm"
verbose success gzip "--decompress" "--stdout" "/tmp/npm-1312511236314/1312511236314-0.8645909342449158/tmp.tgz"
silly asyncMap in gTP /tmp/npm-1312511236314/1312511236314-0.8645909342449158/contents/___package.npm/package/
silly asyncMap in gTP /tmp/npm-1312511236314/1312511236314-0.8645909342449158/contents/___package.npm/package/LICENSE
silly asyncMap in gTP /tmp/npm-1312511236314/1312511236314-0.8645909342449158/contents/___package.npm/package/package.json
silly asyncMap in gTP /tmp/npm-1312511236314/1312511236314-0.8645909342449158/contents/___package.npm/package/.npmignore
silly asyncMap in gTP /tmp/npm-1312511236314/1312511236314-0.8645909342449158/contents/___package.npm/package/Makefile
silly asyncMap in gTP /tmp/npm-1312511236314/1312511236314-0.8645909342449158/contents/___package.npm/package/index.js
silly asyncMap in gTP /tmp/npm-1312511236314/1312511236314-0.8645909342449158/contents/___package.npm/package/History.md
silly asyncMap in gTP /tmp/npm-1312511236314/1312511236314-0.8645909342449158/contents/___package.npm/package/Readme.md
silly asyncMap in gTP /tmp/npm-1312511236314/1312511236314-0.8645909342449158/contents/___package.npm/package/bin/
silly asyncMap in gTP /tmp/npm-1312511236314/1312511236314-0.8645909342449158/contents/___package.npm/package/bin/express
silly asyncMap in gTP /tmp/npm-1312511236314/1312511236314-0.8645909342449158/contents/___package.npm/package/lib/
silly asyncMap in gTP /tmp/npm-1312511236314/1312511236314-0.8645909342449158/contents/___package.npm/package/lib/express.js
silly asyncMap in gTP /tmp/npm-1312511236314/1312511236314-0.8645909342449158/contents/___package.npm/package/lib/request.js
silly asyncMap in gTP /tmp/npm-1312511236314/1312511236314-0.8645909342449158/contents/___package.npm/package/lib/response.js
silly asyncMap in gTP /tmp/npm-1312511236314/1312511236314-0.8645909342449158/contents/___package.npm/package/lib/utils.js
silly asyncMap in gTP /tmp/npm-1312511236314/1312511236314-0.8645909342449158/contents/___package.npm/package/lib/http.js
silly asyncMap in gTP /tmp/npm-1312511236314/1312511236314-0.8645909342449158/contents/___package.npm/package/lib/view.js
silly asyncMap in gTP /tmp/npm-1312511236314/1312511236314-0.8645909342449158/contents/___package.npm/package/lib/https.js
silly asyncMap in gTP /tmp/npm-1312511236314/1312511236314-0.8645909342449158/contents/___package.npm/package/lib/view/
silly asyncMap in gTP /tmp/npm-1312511236314/1312511236314-0.8645909342449158/contents/___package.npm/package/lib/view/partial.js
silly asyncMap in gTP /tmp/npm-1312511236314/1312511236314-0.8645909342449158/contents/___package.npm/package/lib/view/view.js
silly asyncMap in gTP /tmp/npm-1312511236314/1312511236314-0.8645909342449158/contents/___package.npm/package/lib/router/
silly asyncMap in gTP /tmp/npm-1312511236314/1312511236314-0.8645909342449158/contents/___package.npm/package/lib/router/collection.js
silly asyncMap in gTP /tmp/npm-1312511236314/1312511236314-0.8645909342449158/contents/___package.npm/package/lib/router/route.js
silly asyncMap in gTP /tmp/npm-1312511236314/1312511236314-0.8645909342449158/contents/___package.npm/package/lib/router/index.js
silly asyncMap in gTP /tmp/npm-1312511236314/1312511236314-0.8645909342449158/contents/___package.npm/package/lib/router/methods.js
verbose gunzed /tmp/npm-1312511236314/1312511236314-0.8645909342449158/contents/___package.npm/package
verbose rm'ed /tmp/npm-1312511236314/1312511236314-0.8645909342449158/contents/package
verbose renamed [ '/tmp/npm-1312511236314/1312511236314-0.8645909342449158/contents/___package.npm/package',
verbose renamed   '/tmp/npm-1312511236314/1312511236314-0.8645909342449158/contents/package' ]
silly testEngine { name: 'express',
silly testEngine   description: 'Sinatra inspired web development framework',
silly testEngine   version: '2.4.3',
silly testEngine   author: 
silly testEngine    { name: 'TJ Holowaychuk',
silly testEngine      email: 'tj@vision-media.ca' },
silly testEngine   contributors: 
silly testEngine    [ { name: 'TJ Holowaychuk',
silly testEngine        email: 'tj@vision-media.ca' },
silly testEngine      { name: 'Aaron Heckmann',
silly testEngine        email: 'aaron.heckmann+github@gmail.com' },
silly testEngine      { name: 'Ciaran Jessup', email: 'ciaranj@gmail.com' },
silly testEngine      { name: 'Guillermo Rauch', email: 'rauchg@gmail.com' } ],
silly testEngine   dependencies: 
silly testEngine    { connect: '>= 1.5.2 < 2.0.0',
silly testEngine      mime: '>= 0.0.1',
silly testEngine      qs: '>= 0.0.6' },
silly testEngine   devDependencies: 
silly testEngine    { 'connect-form': '0.2.1',
silly testEngine      ejs: '0.4.2',
silly testEngine      expresso: '0.7.2',
silly testEngine      hamljs: '0.5.1',
silly testEngine      jade: '0.11.0',
silly testEngine      stylus: '0.13.0',
silly testEngine      should: '0.2.1',
silly testEngine      'express-messages': '0.0.2',
silly testEngine      'node-markdown': '>= 0.0.1',
silly testEngine      'connect-redis': '>= 0.0.1' },
silly testEngine   keywords: [ 'framework', 'sinatra', 'web', 'rest', 'restful' ],
silly testEngine   repository: 
silly testEngine    { type: 'git',
silly testEngine      url: 'git://github.com/visionmedia/express.git' },
silly testEngine   main: 'index',
silly testEngine   bin: { express: './bin/express' },
silly testEngine   scripts: { test: 'make test', prepublish: 'npm prune' },
silly testEngine   engines: { node: '>= 0.4.1 < 0.5.0' },
silly testEngine   _npmJsonOpts: 
silly testEngine    { file: '/tmp/npm-1312511236314/1312511236314-0.8645909342449158/contents/package/package.json',
silly testEngine      wscript: false,
silly testEngine      contributors: false,
silly testEngine      serverjs: false },
silly testEngine   _id: 'express@2.4.3',
silly testEngine   _engineSupported: false,
silly testEngine   _npmVersion: '1.0.15',
silly testEngine   _nodeVersion: 'v0.5.1-pre',
silly testEngine   _defaultsLoaded: true,
silly testEngine   path: '/tmp/npm-1312511236314/1312511236314-0.8645909342449158/contents/package' }
verbose caching /tmp/npm-1312511236314/1312511236314-0.8645909342449158/contents/package/package.json
verbose loadDefaults express@2.4.3
verbose tarball contents [ 'package' ]
verbose from cache /tmp/npm-1312511236314/1312511236314-0.8645909342449158/contents/package/package.json
verbose pack /tmp/npm-1312511236314/1312511236314-0.8645909342449158/contents/package /home/shane/.npm/express/2.4.3/package.tgz
verbose mkdir'ed /home/shane/.npm/express/2.4.3
verbose tar about to write tar and gzip it.
silly tar args [ '-cvf',
silly tar args   '-',
silly tar args   'package/LICENSE',
silly tar args   'package/package.json',
silly tar args   'package/.npmignore',
silly tar args   'package/Makefile',
silly tar args   'package/index.js',
silly tar args   'package/History.md',
silly tar args   'package/Readme.md',
silly tar args   'package/bin/express',
silly tar args   'package/lib/express.js',
silly tar args   'package/lib/request.js',
silly tar args   'package/lib/response.js',
silly tar args   'package/lib/utils.js',
silly tar args   'package/lib/http.js',
silly tar args   'package/lib/view.js',
silly tar args   'package/lib/https.js',
silly tar args   'package/lib/view/partial.js',
silly tar args   'package/lib/view/view.js',
silly tar args   'package/lib/router/collection.js',
silly tar args   'package/lib/router/route.js',
silly tar args   'package/lib/router/index.js',
silly tar args   'package/lib/router/methods.js' ]
verbose success tar -cvf - <file list elided>
verbose success gzip "--stdout"
verbose mkdir done: /home/shane/.npm/express/2.4.3/___package.npm 755
verbose unpack_ uid, gid [ undefined, undefined ]
verbose unpackTarget /home/shane/.npm/express/2.4.3/package
silly gunzTarPerm modes [ '755', '644' ]
verbose success gzip "--decompress" "--stdout" "/home/shane/.npm/express/2.4.3/package.tgz"
verbose success tar "-mvxpf" "-" "--no-same-owner" "-C" "/home/shane/.npm/express/2.4.3/___package.npm"
silly asyncMap in gTP /home/shane/.npm/express/2.4.3/___package.npm/package/
silly asyncMap in gTP /home/shane/.npm/express/2.4.3/___package.npm/package/LICENSE
silly asyncMap in gTP /home/shane/.npm/express/2.4.3/___package.npm/package/package.json
silly asyncMap in gTP /home/shane/.npm/express/2.4.3/___package.npm/package/.npmignore
silly asyncMap in gTP /home/shane/.npm/express/2.4.3/___package.npm/package/Makefile
silly asyncMap in gTP /home/shane/.npm/express/2.4.3/___package.npm/package/index.js
silly asyncMap in gTP /home/shane/.npm/express/2.4.3/___package.npm/package/History.md
silly asyncMap in gTP /home/shane/.npm/express/2.4.3/___package.npm/package/Readme.md
silly asyncMap in gTP /home/shane/.npm/express/2.4.3/___package.npm/package/bin/
silly asyncMap in gTP /home/shane/.npm/express/2.4.3/___package.npm/package/bin/express
silly asyncMap in gTP /home/shane/.npm/express/2.4.3/___package.npm/package/lib/
silly asyncMap in gTP /home/shane/.npm/express/2.4.3/___package.npm/package/lib/express.js
silly asyncMap in gTP /home/shane/.npm/express/2.4.3/___package.npm/package/lib/request.js
silly asyncMap in gTP /home/shane/.npm/express/2.4.3/___package.npm/package/lib/response.js
silly asyncMap in gTP /home/shane/.npm/express/2.4.3/___package.npm/package/lib/utils.js
silly asyncMap in gTP /home/shane/.npm/express/2.4.3/___package.npm/package/lib/http.js
silly asyncMap in gTP /home/shane/.npm/express/2.4.3/___package.npm/package/lib/view.js
silly asyncMap in gTP /home/shane/.npm/express/2.4.3/___package.npm/package/lib/https.js
silly asyncMap in gTP /home/shane/.npm/express/2.4.3/___package.npm/package/lib/view/
silly asyncMap in gTP /home/shane/.npm/express/2.4.3/___package.npm/package/lib/view/partial.js
silly asyncMap in gTP /home/shane/.npm/express/2.4.3/___package.npm/package/lib/view/view.js
silly asyncMap in gTP /home/shane/.npm/express/2.4.3/___package.npm/package/lib/router/
silly asyncMap in gTP /home/shane/.npm/express/2.4.3/___package.npm/package/lib/router/collection.js
silly asyncMap in gTP /home/shane/.npm/express/2.4.3/___package.npm/package/lib/router/route.js
silly asyncMap in gTP /home/shane/.npm/express/2.4.3/___package.npm/package/lib/router/index.js
silly asyncMap in gTP /home/shane/.npm/express/2.4.3/___package.npm/package/lib/router/methods.js
verbose gunzed /home/shane/.npm/express/2.4.3/___package.npm/package
verbose rm'ed /home/shane/.npm/express/2.4.3/package
verbose renamed [ '/home/shane/.npm/express/2.4.3/___package.npm/package',
verbose renamed   '/home/shane/.npm/express/2.4.3/package' ]
silly testEngine { name: 'express',
silly testEngine   description: 'Sinatra inspired web development framework',
silly testEngine   version: '2.4.3',
silly testEngine   author: 
silly testEngine    { name: 'TJ Holowaychuk',
silly testEngine      email: 'tj@vision-media.ca' },
silly testEngine   contributors: 
silly testEngine    [ { name: 'TJ Holowaychuk',
silly testEngine        email: 'tj@vision-media.ca' },
silly testEngine      { name: 'Aaron Heckmann',
silly testEngine        email: 'aaron.heckmann+github@gmail.com' },
silly testEngine      { name: 'Ciaran Jessup', email: 'ciaranj@gmail.com' },
silly testEngine      { name: 'Guillermo Rauch', email: 'rauchg@gmail.com' } ],
silly testEngine   dependencies: 
silly testEngine    { connect: '>= 1.5.2 < 2.0.0',
silly testEngine      mime: '>= 0.0.1',
silly testEngine      qs: '>= 0.0.6' },
silly testEngine   devDependencies: 
silly testEngine    { 'connect-form': '0.2.1',
silly testEngine      ejs: '0.4.2',
silly testEngine      expresso: '0.7.2',
silly testEngine      hamljs: '0.5.1',
silly testEngine      jade: '0.11.0',
silly testEngine      stylus: '0.13.0',
silly testEngine      should: '0.2.1',
silly testEngine      'express-messages': '0.0.2',
silly testEngine      'node-markdown': '>= 0.0.1',
silly testEngine      'connect-redis': '>= 0.0.1' },
silly testEngine   keywords: [ 'framework', 'sinatra', 'web', 'rest', 'restful' ],
silly testEngine   repository: 
silly testEngine    { type: 'git',
silly testEngine      url: 'git://github.com/visionmedia/express.git' },
silly testEngine   main: 'index',
silly testEngine   bin: { express: './bin/express' },
silly testEngine   scripts: { test: 'make test', prepublish: 'npm prune' },
silly testEngine   engines: { node: '>= 0.4.1 < 0.5.0' },
silly testEngine   _npmJsonOpts: 
silly testEngine    { file: '/home/shane/.npm/express/2.4.3/package/package.json',
silly testEngine      wscript: false,
silly testEngine      contributors: false,
silly testEngine      serverjs: false },
silly testEngine   _id: 'express@2.4.3',
silly testEngine   _engineSupported: false,
silly testEngine   _npmVersion: '1.0.15',
silly testEngine   _nodeVersion: 'v0.5.1-pre',
silly testEngine   _defaultsLoaded: true,
silly testEngine   dist: { shasum: 'fd5856f6da4ea154320d8752463543c026770588' } }
verbose caching /home/shane/.npm/express/2.4.3/package/package.json
verbose loadDefaults express@2.4.3
silly updated sha bytes 31812
info shasum fd5856f6da4ea154320d8752463543c026770588
info shasum /home/shane/.npm/express/2.4.3/package.tgz
verbose from cache /home/shane/.npm/express/2.4.3/package/package.json
verbose chmod /home/shane/.npm/express/2.4.3/package.tgz 644
silly resolved [ { name: 'express',
silly resolved     description: 'Sinatra inspired web development framework',
silly resolved     version: '2.4.3',
silly resolved     author: 
silly resolved      { name: 'TJ Holowaychuk',
silly resolved        email: 'tj@vision-media.ca' },
silly resolved     contributors: 
silly resolved      [ { name: 'TJ Holowaychuk',
silly resolved          email: 'tj@vision-media.ca' },
silly resolved        { name: 'Aaron Heckmann',
silly resolved          email: 'aaron.heckmann+github@gmail.com' },
silly resolved        { name: 'Ciaran Jessup', email: 'ciaranj@gmail.com' },
silly resolved        { name: 'Guillermo Rauch', email: 'rauchg@gmail.com' } ],
silly resolved     dependencies: 
silly resolved      { connect: '>= 1.5.2 < 2.0.0',
silly resolved        mime: '>= 0.0.1',
silly resolved        qs: '>= 0.0.6' },
silly resolved     devDependencies: 
silly resolved      { 'connect-form': '0.2.1',
silly resolved        ejs: '0.4.2',
silly resolved        expresso: '0.7.2',
silly resolved        hamljs: '0.5.1',
silly resolved        jade: '0.11.0',
silly resolved        stylus: '0.13.0',
silly resolved        should: '0.2.1',
silly resolved        'express-messages': '0.0.2',
silly resolved        'node-markdown': '>= 0.0.1',
silly resolved        'connect-redis': '>= 0.0.1' },
silly resolved     keywords: [ 'framework', 'sinatra', 'web', 'rest', 'restful' ],
silly resolved     repository: 
silly resolved      { type: 'git',
silly resolved        url: 'git://github.com/visionmedia/express.git' },
silly resolved     main: 'index',
silly resolved     bin: { express: './bin/express' },
silly resolved     scripts: { test: 'make test', prepublish: 'npm prune' },
silly resolved     engines: { node: '>= 0.4.1 < 0.5.0' },
silly resolved     _npmJsonOpts: 
silly resolved      { file: '/home/shane/.npm/express/2.4.3/package/package.json',
silly resolved        wscript: false,
silly resolved        contributors: false,
silly resolved        serverjs: false },
silly resolved     _id: 'express@2.4.3',
silly resolved     _engineSupported: false,
silly resolved     _npmVersion: '1.0.15',
silly resolved     _nodeVersion: 'v0.5.1-pre',
silly resolved     _defaultsLoaded: true,
silly resolved     dist: { shasum: 'fd5856f6da4ea154320d8752463543c026770588' } } ]
info into /home/shane/Dropbox/sources/nodejs/taskmaster express@2.4.3
info installOne express@2.4.3
verbose installOne cb express@2.4.3
ERR! Unsupported
ERR! Not compatible with your version of node/npm: express@2.4.3
ERR! Required: {"node":">= 0.4.1 < 0.5.0"}
ERR! Actual:   {"npm":"1.0.15","node":"v0.5.1-pre"}
ERR! 
ERR! System Linux 2.6.38-10-generic
ERR! command "node" "/usr/local/bin/npm" "install" "express"
verbose exit [ 1, true ]
